\BOOKMARK [1][-]{section.1}{Panel Data Configurations}{}% 1
\BOOKMARK [2][-]{subsection.1.1}{Data Types}{section.1}% 2
\BOOKMARK [3][-]{subsubsection.1.1.1}{Panel Data}{subsection.1.1}% 3
\BOOKMARK [3][-]{subsubsection.1.1.2}{Grouped Repeated Cross-Section Data}{subsection.1.1}% 4
\BOOKMARK [3][-]{subsubsection.1.1.3}{Row and Column Exchangeable Data}{subsection.1.1}% 5
\BOOKMARK [2][-]{subsection.1.2}{Shapes of Data Frames}{section.1}% 6
\BOOKMARK [2][-]{subsection.1.3}{Assignment Mechanisms}{section.1}% 7
\BOOKMARK [3][-]{subsubsection.1.3.1}{The General Case}{subsection.1.3}% 8
\BOOKMARK [3][-]{subsubsection.1.3.2}{Single Treated Period}{subsection.1.3}% 9
\BOOKMARK [3][-]{subsubsection.1.3.3}{Single Treated Unit and Single Treated Period}{subsection.1.3}% 10
\BOOKMARK [3][-]{subsubsection.1.3.4}{Block Assignment}{subsection.1.3}% 11
\BOOKMARK [3][-]{subsubsection.1.3.5}{Event Study Designs}{subsection.1.3}% 12
\BOOKMARK [3][-]{subsubsection.1.3.6}{Clustered Assignment}{subsection.1.3}% 13
\BOOKMARK [2][-]{subsection.1.4}{Outcomes, Assumptions and Estimands}{section.1}% 14
\BOOKMARK [2][-]{subsection.1.5}{Conventional TWFE and DiD}{section.1}% 15
\BOOKMARK [3][-]{subsubsection.1.5.1}{TWFE Characterization}{subsection.1.5}% 16
\BOOKMARK [3][-]{subsubsection.1.5.2}{DiD Estimator in the Grouped Repeated Cross-Section Setting}{subsection.1.5}% 17
\BOOKMARK [3][-]{subsubsection.1.5.3}{Inference}{subsection.1.5}% 18
\BOOKMARK [3][-]{subsubsection.1.5.4}{Design-Based Inference}{subsection.1.5}% 19
\BOOKMARK [3][-]{subsubsection.1.5.5}{Sampling-Based Inference}{subsection.1.5}% 20
\BOOKMARK [2][-]{subsection.1.6}{The Parallel Trend Assumption}{section.1}% 21
