This is pdfTeX, Version 3.14159265-2.6-1.40.19 (TeX Live 2018) (preloaded format=pdflatex 2019.1.7)  15 OCT 2024 08:38
entering extended mode
 restricted \write18 enabled.
 file:line:error style messages enabled.
 %&-line parsing enabled.
**/Users/admin/Library/CloudStorage/Dropbox/MyPresentations/mynote/EconometricsNotes/note6.tex
(/Users/admin/Library/CloudStorage/Dropbox/MyPresentations/mynote/EconometricsNotes/note6.tex
LaTeX2e <2018-04-01> patch level 2
Babel <3.18> and hyphenation patterns for 84 language(s) loaded.
(/usr/local/texlive/2018/texmf-dist/tex/latex/base/article.cls
Document Class: article 2014/09/29 v1.4h Standard LaTeX document class
(/usr/local/texlive/2018/texmf-dist/tex/latex/base/size10.clo
File: size10.clo 2014/09/29 v1.4h Standard LaTeX file (size option)
)
\c@part=\count80
\c@section=\count81
\c@subsection=\count82
\c@subsubsection=\count83
\c@paragraph=\count84
\c@subparagraph=\count85
\c@figure=\count86
\c@table=\count87
\abovecaptionskip=\skip41
\belowcaptionskip=\skip42
\bibindent=\dimen102
) (/Users/admin/Library/CloudStorage/Dropbox/MyPresentations/mynote/EconometricsNotes/settings.tex (/usr/local/texlive/2018/texmf-dist/tex/latex/url/url.sty
\Urlmuskip=\muskip10
Package: url 2013/09/16  ver 3.4  Verb mode for urls, etc.
) (/usr/local/texlive/2018/texmf-dist/tex/latex/titlesec/titlesec.sty
Package: titlesec 2016/03/21 v2.10.2 Sectioning titles
\ttl@box=\box26
\beforetitleunit=\skip43
\aftertitleunit=\skip44
\ttl@plus=\dimen103
\ttl@minus=\dimen104
\ttl@toksa=\toks14
\titlewidth=\dimen105
\titlewidthlast=\dimen106
\titlewidthfirst=\dimen107
) (/usr/local/texlive/2018/texmf-dist/tex/latex/psnfss/palatino.sty
Package: palatino 2005/04/12 PSNFSS-v9.2a (SPQR) 
) (/usr/local/texlive/2018/texmf-dist/tex/latex/marginnote/marginnote.sty
Package: marginnote 2017/04/22 v1.2b non floating margin notes for LaTeX
\c@mn@abspage=\count88
) (/usr/local/texlive/2018/texmf-dist/tex/latex/multirow/multirow.sty
Package: multirow 2016/11/25 v2.2 Span multiple rows of a table
\multirow@colwidth=\skip45
\multirow@cntb=\count89
\multirow@dima=\skip46
\bigstrutjot=\dimen108
) (/usr/local/texlive/2018/texmf-dist/tex/latex/easy/easybmat.sty
Document Style `easybmat' v1.0 <2001/06/13>.
(/usr/local/texlive/2018/texmf-dist/tex/latex/easy/easy.sty
Document Style `easy' v1.1 <2001/05/31>.
Package: easy 2001/05/31 v1.1
\@easy@level=\count90
\@easy@ncol=\count91
\@easy@nrow=\count92
\@easy@cnt=\count93
\@easy@boxviii=\box27
\@easy@minxviii=\dimen109
\@easy@minyviii=\dimen110
\@easy@maxxviii=\dimen111
\@easy@maxyviii=\dimen112
\@easy@boxvii=\box28
\@easy@minxvii=\dimen113
\@easy@minyvii=\dimen114
\@easy@maxxvii=\dimen115
\@easy@maxyvii=\dimen116
\@easy@boxvi=\box29
\@easy@minxvi=\dimen117
\@easy@minyvi=\dimen118
\@easy@maxxvi=\dimen119
\@easy@maxyvi=\dimen120
\@easy@boxv=\box30
\@easy@minxv=\dimen121
\@easy@minyv=\dimen122
\@easy@maxxv=\dimen123
\@easy@maxyv=\dimen124
\@easy@boxiv=\box31
\@easy@minxiv=\dimen125
\@easy@minyiv=\dimen126
\@easy@maxxiv=\dimen127
\@easy@maxyiv=\dimen128
\@easy@boxiii=\box32
\@easy@minxiii=\dimen129
\@easy@minyiii=\dimen130
\@easy@maxxiii=\dimen131
\@easy@maxyiii=\dimen132
\@easy@boxii=\box33
\@easy@minxii=\dimen133
\@easy@minyii=\dimen134
\@easy@maxxii=\dimen135
\@easy@maxyii=\dimen136
\@easy@boxi=\box34
\@easy@minxi=\dimen137
\@easy@minyi=\dimen138
\@easy@maxxi=\dimen139
\@easy@maxyi=\dimen140
\@easy@hsizexxx=\dimen141
\@easy@vsizexxx=\dimen142
\@easy@hsizexxix=\dimen143
\@easy@vsizexxix=\dimen144
\@easy@hsizexxviii=\dimen145
\@easy@vsizexxviii=\dimen146
\@easy@hsizexxvii=\dimen147
\@easy@vsizexxvii=\dimen148
\@easy@hsizexxvi=\dimen149
\@easy@vsizexxvi=\dimen150
\@easy@hsizexxv=\dimen151
\@easy@vsizexxv=\dimen152
\@easy@hsizexxiv=\dimen153
\@easy@vsizexxiv=\dimen154
\@easy@hsizexxiii=\dimen155
\@easy@vsizexxiii=\dimen156
\@easy@hsizexxii=\dimen157
\@easy@vsizexxii=\dimen158
\@easy@hsizexxi=\dimen159
\@easy@vsizexxi=\dimen160
\@easy@hsizexx=\dimen161
\@easy@vsizexx=\dimen162
\@easy@hsizexix=\dimen163
\@easy@vsizexix=\dimen164
\@easy@hsizexviii=\dimen165
\@easy@vsizexviii=\dimen166
\@easy@hsizexvii=\dimen167
\@easy@vsizexvii=\dimen168
\@easy@hsizexvi=\dimen169
\@easy@vsizexvi=\dimen170
\@easy@hsizexv=\dimen171
\@easy@vsizexv=\dimen172
\@easy@hsizexiv=\dimen173
\@easy@vsizexiv=\dimen174
\@easy@hsizexiii=\dimen175
\@easy@vsizexiii=\dimen176
\@easy@hsizexii=\dimen177
\@easy@vsizexii=\dimen178
\@easy@hsizexi=\dimen179
\@easy@vsizexi=\dimen180
\@easy@hsizex=\dimen181
\@easy@vsizex=\dimen182
\@easy@hsizeix=\dimen183
\@easy@vsizeix=\dimen184
\@easy@hsizeviii=\dimen185
\@easy@vsizeviii=\dimen186
\@easy@hsizevii=\dimen187
\@easy@vsizevii=\dimen188
\@easy@hsizevi=\dimen189
\@easy@vsizevi=\dimen190
\@easy@hsizev=\dimen191
\@easy@vsizev=\dimen192
\@easy@hsizeiv=\dimen193
\@easy@vsizeiv=\dimen194
\@easy@hsizeiii=\dimen195
\@easy@vsizeiii=\dimen196
\@easy@hsizeii=\dimen197
\@easy@vsizeii=\dimen198
\@easy@hsizei=\dimen199
\@easy@vsizei=\dimen256
\@easy@dash@len=\dimen257
\@easy@dash@sep=\dimen258
)
Package: easybmat 2001/05/31 v1.1
\@bmat@size@rule=\dimen259
\@bmat@size@dash=\dimen260
) (/usr/local/texlive/2018/texmf-dist/tex/latex/multirow/bigdelim.sty
Package: bigdelim 2016/11/25 v2.2 Create big delimiters in tabular or array
) (/usr/local/texlive/2018/texmf-dist/tex/latex/arydshln/arydshln.sty
Package: arydshln 2016/04/28 v1.73 
\dashlinedash=\dimen261
\dashlinegap=\dimen262
\adl@box=\box35
\adl@height=\dimen263
\adl@heightsave=\dimen264
\adl@depth=\dimen265
\adl@depthsave=\dimen266
\adl@finaldepth=\dimen267
\adl@columns=\count94
\adl@ncol=\count95
\adl@currentcolumn=\count96
\adl@currentcolumnsave=\count97
\adl@totalheight=\count98
\adl@totalheightsave=\count99
\adl@dash=\count100
\adl@gap=\count101
\adl@cla=\count102
\adl@clb=\count103
\adl@everyvbox=\toks15
\adl@LTpagetotal=\dimen268
) (/usr/local/texlive/2018/texmf-dist/tex/latex/natbib/natbib.sty
Package: natbib 2010/09/13 8.31b (PWD, AO)
\bibhang=\skip47
\bibsep=\skip48
LaTeX Info: Redefining \cite on input line 694.
\c@NAT@ctr=\count104
) (/usr/local/texlive/2018/texmf-dist/tex/latex/amsfonts/amssymb.sty
Package: amssymb 2013/01/14 v3.01 AMS font symbols
 (/usr/local/texlive/2018/texmf-dist/tex/latex/amsfonts/amsfonts.sty
Package: amsfonts 2013/01/14 v3.01 Basic AMSFonts support
\@emptytoks=\toks16
\symAMSa=\mathgroup4
\symAMSb=\mathgroup5
LaTeX Font Info:    Overwriting math alphabet `\mathfrak' in version `bold'
(Font)                  U/euf/m/n --> U/euf/b/n on input line 106.
)) (/usr/local/texlive/2018/texmf-dist/tex/latex/amsmath/amsmath.sty
Package: amsmath 2017/09/02 v2.17a AMS math features
\@mathmargin=\skip49

For additional information on amsmath, use the `?' option.
(/usr/local/texlive/2018/texmf-dist/tex/latex/amsmath/amstext.sty
Package: amstext 2000/06/29 v2.01 AMS text
 (/usr/local/texlive/2018/texmf-dist/tex/latex/amsmath/amsgen.sty
File: amsgen.sty 1999/11/30 v2.0 generic functions
\@emptytoks=\toks17
\ex@=\dimen269
)) (/usr/local/texlive/2018/texmf-dist/tex/latex/amsmath/amsbsy.sty
Package: amsbsy 1999/11/29 v1.2d Bold Symbols
\pmbraise@=\dimen270
) (/usr/local/texlive/2018/texmf-dist/tex/latex/amsmath/amsopn.sty
Package: amsopn 2016/03/08 v2.02 operator names
)
\inf@bad=\count105
LaTeX Info: Redefining \frac on input line 213.
\uproot@=\count106
\leftroot@=\count107
LaTeX Info: Redefining \overline on input line 375.
\classnum@=\count108
\DOTSCASE@=\count109
LaTeX Info: Redefining \ldots on input line 472.
LaTeX Info: Redefining \dots on input line 475.
LaTeX Info: Redefining \cdots on input line 596.
\Mathstrutbox@=\box36
\strutbox@=\box37
\big@size=\dimen271
LaTeX Font Info:    Redeclaring font encoding OML on input line 712.
LaTeX Font Info:    Redeclaring font encoding OMS on input line 713.
\macc@depth=\count110
\c@MaxMatrixCols=\count111
\dotsspace@=\muskip11
\c@parentequation=\count112
\dspbrk@lvl=\count113
\tag@help=\toks18
\row@=\count114
\column@=\count115
\maxfields@=\count116
\andhelp@=\toks19
\eqnshift@=\dimen272
\alignsep@=\dimen273
\tagshift@=\dimen274
\tagwidth@=\dimen275
\totwidth@=\dimen276
\lineht@=\dimen277
\@envbody=\toks20
\multlinegap=\skip50
\multlinetaggap=\skip51
\mathdisplay@stack=\toks21
LaTeX Info: Redefining \[ on input line 2817.
LaTeX Info: Redefining \] on input line 2818.
) (/usr/local/texlive/2018/texmf-dist/tex/latex/amscls/amsthm.sty
Package: amsthm 2017/10/31 v2.20.4
\thm@style=\toks22
\thm@bodyfont=\toks23
\thm@headfont=\toks24
\thm@notefont=\toks25
\thm@headpunct=\toks26
\thm@preskip=\skip52
\thm@postskip=\skip53
\thm@headsep=\skip54
\dth@everypar=\toks27
) (/usr/local/texlive/2018/texmf-dist/tex/latex/bbm-macros/bbm.sty
Package: bbm 1999/03/15 V 1.2 provides fonts for set symbols - TH
LaTeX Font Info:    Overwriting math alphabet `\mathbbm' in version `bold'
(Font)                  U/bbm/m/n --> U/bbm/bx/n on input line 33.
LaTeX Font Info:    Overwriting math alphabet `\mathbbmss' in version `bold'
(Font)                  U/bbmss/m/n --> U/bbmss/bx/n on input line 35.
) (/usr/local/texlive/2018/texmf-dist/tex/latex/mathtools/mathtools.sty
Package: mathtools 2018/01/08 v1.21 mathematical typesetting tools
 (/usr/local/texlive/2018/texmf-dist/tex/latex/graphics/keyval.sty
Package: keyval 2014/10/28 v1.15 key=value parser (DPC)
\KV@toks@=\toks28
) (/usr/local/texlive/2018/texmf-dist/tex/latex/tools/calc.sty
Package: calc 2017/05/25 v4.3 Infix arithmetic (KKT,FJ)
\calc@Acount=\count117
\calc@Bcount=\count118
\calc@Adimen=\dimen278
\calc@Bdimen=\dimen279
\calc@Askip=\skip55
\calc@Bskip=\skip56
LaTeX Info: Redefining \setlength on input line 80.
LaTeX Info: Redefining \addtolength on input line 81.
\calc@Ccount=\count119
\calc@Cskip=\skip57
) (/usr/local/texlive/2018/texmf-dist/tex/latex/mathtools/mhsetup.sty
Package: mhsetup 2017/03/31 v1.3 programming setup (MH)
)
LaTeX Info: Thecontrolsequence`\('isalreadyrobust on input line 129.
LaTeX Info: Thecontrolsequence`\)'isalreadyrobust on input line 129.
LaTeX Info: Thecontrolsequence`\['isalreadyrobust on input line 129.
LaTeX Info: Thecontrolsequence`\]'isalreadyrobust on input line 129.
\g_MT_multlinerow_int=\count120
\l_MT_multwidth_dim=\dimen280
\origjot=\skip58
\l_MT_shortvdotswithinadjustabove_dim=\dimen281
\l_MT_shortvdotswithinadjustbelow_dim=\dimen282
\l_MT_above_intertext_sep=\dimen283
\l_MT_below_intertext_sep=\dimen284
\l_MT_above_shortintertext_sep=\dimen285
\l_MT_below_shortintertext_sep=\dimen286
) (/usr/local/texlive/2018/texmf-dist/tex/latex/caption/caption.sty
Package: caption 2016/02/21 v3.3-144 Customizing captions (AR)
 (/usr/local/texlive/2018/texmf-dist/tex/latex/caption/caption3.sty
Package: caption3 2016/05/22 v1.7-166 caption3 kernel (AR)
Package caption3 Info: TeX engine: e-TeX on input line 67.
\captionmargin=\dimen287
\captionmargin@=\dimen288
\captionwidth=\dimen289
\caption@tempdima=\dimen290
\caption@indent=\dimen291
\caption@parindent=\dimen292
\caption@hangindent=\dimen293
)
\c@ContinuedFloat=\count121
) (/usr/local/texlive/2018/texmf-dist/tex/latex/hyperref/hyperref.sty
Package: hyperref 2018/02/06 v6.86b Hypertext links for LaTeX
 (/usr/local/texlive/2018/texmf-dist/tex/generic/oberdiek/hobsub-hyperref.sty
Package: hobsub-hyperref 2016/05/16 v1.14 Bundle oberdiek, subset hyperref (HO)
 (/usr/local/texlive/2018/texmf-dist/tex/generic/oberdiek/hobsub-generic.sty
Package: hobsub-generic 2016/05/16 v1.14 Bundle oberdiek, subset generic (HO)
Package: hobsub 2016/05/16 v1.14 Construct package bundles (HO)
Package: infwarerr 2016/05/16 v1.4 Providing info/warning/error messages (HO)
Package: ltxcmds 2016/05/16 v1.23 LaTeX kernel commands for general use (HO)
Package: ifluatex 2016/05/16 v1.4 Provides the ifluatex switch (HO)
Package ifluatex Info: LuaTeX not detected.
Package: ifvtex 2016/05/16 v1.6 Detect VTeX and its facilities (HO)
Package ifvtex Info: VTeX not detected.
Package: intcalc 2016/05/16 v1.2 Expandable calculations with integers (HO)
Package: ifpdf 2017/03/15 v3.2 Provides the ifpdf switch
Package: etexcmds 2016/05/16 v1.6 Avoid name clashes with e-TeX commands (HO)
Package etexcmds Info: Could not find \expanded.
(etexcmds)             That can mean that you are not using pdfTeX 1.50 or
(etexcmds)             that some package has redefined \expanded.
(etexcmds)             In the latter case, load this package earlier.
Package: kvset