This is pdfTeX, Version 3.14159265-2.6-1.40.19 (TeX Live 2018) (preloaded format=pdflatex 2019.1.7)  1 MAR 2023 06:59
entering extended mode
 restricted \write18 enabled.
 file:line:error style messages enabled.
 %&-line parsing enabled.
**"/Users/admin/Dropbox/SAI presentations/mynote/EconometricsNotes/note11.tex"
(/Users/admin/Dropbox/SAI presentations/mynote/EconometricsNotes/note11.tex
LaTeX2e <2018-04-01> patch level 2
Babel <3.18> and hyphenation patterns for 84 language(s) loaded.
(/usr/local/texlive/2018/texmf-dist/tex/latex/base/article.cls
Document Class: article 2014/09/29 v1.4h Standard LaTeX document class
(/usr/local/texlive/2018/texmf-dist/tex/latex/base/size10.clo
File: size10.clo 2014/09/29 v1.4h Standard LaTeX file (size option)
)
\c@part=\count80
\c@section=\count81
\c@subsection=\count82
\c@subsubsection=\count83
\c@paragraph=\count84
\c@subparagraph=\count85
\c@figure=\count86
\c@table=\count87
\abovecaptionskip=\skip41
\belowcaptionskip=\skip42
\bibindent=\dimen102
) (/Users/admin/Dropbox/SAI presentations/mynote/EconometricsNotes/settings.tex (/usr/local/texlive/2018/texmf-dist/tex/latex/url/url.sty
\Urlmuskip=\muskip10
Package: url 2013/09/16  ver 3.4  Verb mode for urls, etc.
) (/usr/local/texlive/2018/texmf-dist/tex/latex/titlesec/titlesec.sty
Package: titlesec 2016/03/21 v2.10.2 Sectioning titles
\ttl@box=\box26
\beforetitleunit=\skip43
\aftertitleunit=\skip44
\ttl@plus=\dimen103
\ttl@minus=\dimen104
\ttl@toksa=\toks14
\titlewidth=\dimen105
\titlewidthlast=\dimen106
\titlewidthfirst=\dimen107
) (/usr/local/texlive/2018/texmf-dist/tex/latex/psnfss/palatino.sty
Package: palatino 2005/04/12 PSNFSS-v9.2a (SPQR) 
) (/usr/local/texlive/2018/texmf-dist/tex/latex/marginnote/marginnote.sty
Package: marginnote 2017/04/22 v1.2b non floating margin notes for LaTeX
\c@mn@abspage=\count88
) (/usr/local/texlive/2018/texmf-dist/tex/latex/multirow/multirow.sty
Package: multirow 2016/11/25 v2.2 Span multiple rows of a table
\multirow@colwidth=\skip45
\multirow@cntb=\count89
\multirow@dima=\skip46
\bigstrutjot=\dimen108
) (/usr/local/texlive/2018/texmf-dist/tex/latex/easy/easybmat.sty
Document Style `easybmat' v1.0 <2001/06/13>.
(/usr/local/texlive/2018/texmf-dist/tex/latex/easy/easy.sty
Document Style `easy' v1.1 <2001/05/31>.
Package: easy 2001/05/31 v1.1
\@easy@level=\count90
\@easy@ncol=\count91
\@easy@nrow=\count92
\@easy@cnt=\count93
\@easy@boxviii=\box27
\@easy@minxviii=\dimen109
\@easy@minyviii=\dimen110
\@easy@maxxviii=\dimen111
\@easy@maxyviii=\dimen112
\@easy@boxvii=\box28
\@easy@minxvii=\dimen113
\@easy@minyvii=\dimen114
\@easy@maxxvii=\dimen115
\@easy@maxyvii=\dimen116
\@easy@boxvi=\box29
\@easy@minxvi=\dimen117
\@easy@minyvi=\dimen118
\@easy@maxxvi=\dimen119
\@easy@maxyvi=\dimen120
\@easy@boxv=\box30
\@easy@minxv=\dimen121
\@easy@minyv=\dimen122
\@easy@maxxv=\dimen123
\@easy@maxyv=\dimen124
\@easy@boxiv=\box31
\@easy@minxiv=\dimen125
\@easy@minyiv=\dimen126
\@easy@maxxiv=\dimen127
\@easy@maxyiv=\dimen128
\@easy@boxiii=\box32
\@easy@minxiii=\dimen129
\@easy@minyiii=\dimen130
\@easy@maxxiii=\dimen131
\@easy@maxyiii=\dimen132
\@easy@boxii=\box33
\@easy@minxii=\dimen133
\@easy@minyii=\dimen134
\@easy@maxxii=\dimen135
\@easy@maxyii=\dimen136
\@easy@boxi=\box34
\@easy@minxi=\dimen137
\@easy@minyi=\dimen138
\@easy@maxxi=\dimen139
\@easy@maxyi=\dimen140
\@easy@hsizexxx=\dimen141
\@easy@vsizexxx=\dimen142
\@easy@hsizexxix=\dimen143
\@easy@vsizexxix=\dimen144
\@easy@hsizexxviii=\dimen145
\@easy@vsizexxviii=\dimen146
\@easy@hsizexxvii=\dimen147
\@easy@vsizexxvii=\dimen148
\@easy@hsizexxvi=\dimen149
\@easy@vsizexxvi=\dimen150
\@easy@hsizexxv=\dimen151
\@easy@vsizexxv=\dimen152
\@easy@hsizexxiv=\dimen153
\@easy@vsizexxiv=\dimen154
\@easy@hsizexxiii=\dimen155
\@easy@vsizexxiii=\dimen156
\@easy@hsizexxii=\dimen157
\@easy@vsizexxii=\dimen158
\@easy@hsizexxi=\dimen159
\@easy@vsizexxi=\dimen160
\@easy@hsizexx=\dimen161
\@easy@vsizexx=\dimen162
\@easy@hsizexix=\dimen163
\@easy@vsizexix=\dimen164
\@easy@hsizexviii=\dimen165
\@easy@vsizexviii=\dimen166
\@easy@hsizexvii=\dimen167
\@easy@vsizexvii=\dimen168
\@easy@hsizexv