\BOOKMARK [1][-]{section.1}{One-Way Clustering}{}% 1
\BOOKMARK [1][-]{section.2}{Two-Way Clustering}{}% 2
\BOOKMARK [1][-]{section.3}{Multiway Clustering}{}% 3
\BOOKMARK [2][-]{subsection.3.1}{Non-linear Estimators}{section.3}% 4
\BOOKMARK [1][-]{section.4}{Menzel \(2021\): Asymptotic Gaussianity}{}% 5
\BOOKMARK [2][-]{subsection.4.1}{Distribution of Sample Average}{section.4}% 6
\BOOKMARK [2][-]{subsection.4.2}{Menzel \(2021\)'s Bootstrap procedure}{section.4}% 7
\BOOKMARK [3][-]{subsubsection.4.2.1}{Notation}{subsection.4.2}% 8
\BOOKMARK [3][-]{subsubsection.4.2.2}{Inference: Sample Mean}{subsection.4.2}% 9
\BOOKMARK [3][-]{subsubsection.4.2.3}{Bootstrap procedure}{subsection.4.2}% 10
\BOOKMARK [3][-]{subsubsection.4.2.4}{Inference in Regression Models}{subsection.4.2}% 11
\BOOKMARK [1][-]{section.5}{Latest Development}{}% 12
\BOOKMARK [2][-]{subsection.5.1}{LLN and CLT for Exchangeable Arrays}{section.5}% 13
\BOOKMARK [3][-]{subsubsection.5.1.1}{Set up}{subsection.5.1}% 14
\BOOKMARK [3][-]{subsubsection.5.1.2}{Uniform LLN and CLT}{subsection.5.1}% 15
\BOOKMARK [3][-]{subsubsection.5.1.3}{Convergence of the bootstrap process}{subsection.5.1}% 16
\BOOKMARK [3][-]{subsubsection.5.1.4}{Nonlinear estimators}{subsection.5.1}% 17
\BOOKMARK [3][-]{subsubsection.5.1.5}{Extensions}{subsection.5.1}% 18
\BOOKMARK [2][-]{subsection.5.2}{CLT for the estimator with heterogeneous clusters}{section.5}% 19
\BOOKMARK [2][-]{subsection.5.3}{One-way robust clustering with large clusters}{section.5}% 20
\BOOKMARK [2][-]{subsection.5.4}{Two-Way Robust Clustering: Justification}{section.5}% 21
\BOOKMARK [1][-]{section.6}{Clustering in Experiments}{}% 22
